<?xml version="1.0" encoding="UTF-8"?>
<!-- Generated by org.testng.reporters.JUnitReportReporter -->
<testsuite hostname="DESKTOP-708UHHR" name="com.test.selenium.AddVerifyBook" tests="1" failures="0" timestamp="14 Mar 2021 08:30:43 GMT" time="46.901" errors="0">
  <testcase name="TestAddAndRemoveBookInCollection" time="46.901" classname="com.test.selenium.AddVerifyBook"/>
</testsuite> <!-- com.test.selenium.AddVerifyBook -->
