<?xml version="1.0" encoding="UTF-8"?>
<!-- Generated by org.testng.reporters.JUnitReportReporter -->
<testsuite hostname="DESKTOP-708UHHR" name="com.test.api.DataDrivenAPI" tests="4" failures="0" timestamp="14 Mar 2021 08:30:43 GMT" time="3.574" errors="0">
  <testcase name="createUser" time="0.915" classname="com.test.api.DataDrivenAPI"/>
  <testcase name="createUser" time="0.855" classname="com.test.api.DataDrivenAPI"/>
  <testcase name="createUser" time="0.909" classname="com.test.api.DataDrivenAPI"/>
  <testcase name="createUser" time="0.895" classname="com.test.api.DataDrivenAPI"/>
</testsuite> <!-- com.test.api.DataDrivenAPI -->
