<?xml version="1.0" encoding="UTF-8"?>
<!-- Generated by org.testng.reporters.JUnitReportReporter -->
<testsuite hostname="DESKTOP-708UHHR" name="com.test.selenium.Login" tests="1" failures="0" timestamp="14 Mar 2021 08:30:43 GMT" time="5.680" errors="0">
  <testcase name="testVerifyFailed" time="5.680" classname="com.test.selenium.Login"/>
</testsuite> <!-- com.test.selenium.Login -->
